CRITICAL - 2022-04-23 03:16:09 --> Undefined variable $title
#0 /workspace/sl-mfa/app/Views/components/portal-frame.php(11): CodeIgniter\Debug\Exceptions->errorHandler()
#1 /workspace/sl-mfa/system/View/View.php(210): include('...')
#2 /workspace/sl-mfa/system/View/View.php(213): CodeIgniter\View\View->CodeIgniter\View\{closure}()
#3 /workspace/sl-mfa/system/View/View.php(226): CodeIgniter\View\View->render()
#4 /workspace/sl-mfa/system/Common.php(1089): CodeIgniter\View\View->render()
#5 /workspace/sl-mfa/app/Controllers/Home.php(37): view()
#6 /workspace/sl-mfa/system/CodeIgniter.php(832): App\Controllers\Home->faq()
#7 /workspace/sl-mfa/system/CodeIgniter.php(419): CodeIgniter\CodeIgniter->runController()
#8 /workspace/sl-mfa/system/CodeIgniter.php(326): CodeIgniter\CodeIgniter->handleRequest()
#9 /workspace/sl-mfa/public/index.php(37): CodeIgniter\CodeIgniter->run()
#10 /workspace/sl-mfa/system/Commands/Server/rewrite.php(43): require_once('...')
#11 {main}
CRITICAL - 2022-04-23 09:02:26 --> Invalid file: register.php
#0 /home/maxi/Documents/github/sl-updated/system/View/View.php(198): CodeIgniter\Exceptions\FrameworkException::forInvalidFile()
#1 /home/maxi/Documents/github/sl-updated/system/Common.php(1089): CodeIgniter\View\View->render()
#2 /home/maxi/Documents/github/sl-updated/app/Controllers/Register.php(41): view()
#3 /home/maxi/Documents/github/sl-updated/system/CodeIgniter.php(832): App\Controllers\Register->save()
#4 /home/maxi/Documents/github/sl-updated/system/CodeIgniter.php(419): CodeIgniter\CodeIgniter->runController()
#5 /home/maxi/Documents/github/sl-updated/system/CodeIgniter.php(326): CodeIgniter\CodeIgniter->handleRequest()
#6 /home/maxi/Documents/github/sl-updated/public/index.php(37): CodeIgniter\CodeIgniter->run()
#7 /home/maxi/Documents/github/sl-updated/system/Commands/Server/rewrite.php(43): require_once('...')
#8 {main}
CRITICAL - 2022-04-23 09:02:47 --> Invalid file: register.php
#0 /home/maxi/Documents/github/sl-updated/system/View/View.php(198): CodeIgniter\Exceptions\FrameworkException::forInvalidFile()
#1 /home/maxi/Documents/github/sl-updated/system/Common.php(1089): CodeIgniter\View\View->render()
#2 /home/maxi/Documents/github/sl-updated/app/Controllers/Register.php(41): view()
#3 /home/maxi/Documents/github/sl-updated/system/CodeIgniter.php(832): App\Controllers\Register->save()
#4 /home/maxi/Documents/github/sl-updated/system/CodeIgniter.php(419): CodeIgniter\CodeIgniter->runController()
#5 /home/maxi/Documents/github/sl-updated/system/CodeIgniter.php(326): CodeIgniter\CodeIgniter->handleRequest()
#6 /home/maxi/Documents/github/sl-updated/public/index.php(37): CodeIgniter\CodeIgniter->run()
#7 /home/maxi/Documents/github/sl-updated/system/Commands/Server/rewrite.php(43): require_once('...')
#8 {main}
CRITICAL - 2022-04-23 09:18:53 --> Class "App\Controllers\UserModel" not found
#0 /home/maxi/Documents/github/sl-updated/system/CodeIgniter.php(832): App\Controllers\Login->auth()
#1 /home/maxi/Documents/github/sl-updated/system/CodeIgniter.php(419): CodeIgniter\CodeIgniter->runController()
#2 /home/maxi/Documents/github/sl-updated/system/CodeIgniter.php(326): CodeIgniter\CodeIgniter->handleRequest()
#3 /home/maxi/Documents/github/sl-updated/public/index.php(37): CodeIgniter\CodeIgniter->run()
#4 /home/maxi/Documents/github/sl-updated/system/Commands/Server/rewrite.php(43): require_once('...')
#5 {main}
CRITICAL - 2022-04-23 09:27:31 --> Undefined variable $session
#0 /home/maxi/Documents/github/sl-updated/app/Views/components/portal-frame.php(643): CodeIgniter\Debug\Exceptions->errorHandler()
#1 /home/maxi/Documents/github/sl-updated/system/View/View.php(210): include('...')
#2 /home/maxi/Documents/github/sl-updated/system/View/View.php(213): CodeIgniter\View\View->CodeIgniter\View\{closure}()
#3 /home/maxi/Documents/github/sl-updated/system/View/View.php(226): CodeIgniter\View\View->render()
#4 /home/maxi/Documents/github/sl-updated/system/Common.php(1089): CodeIgniter\View\View->render()
#5 /home/maxi/Documents/github/sl-updated/app/Controllers/Home.php(16): view()
#6 /home/maxi/Documents/github/sl-updated/system/CodeIgniter.php(832): App\Controllers\Home->Dashboard()
#7 /home/maxi/Documents/github/sl-updated/system/CodeIgniter.php(419): CodeIgniter\CodeIgniter->runController()
#8 /home/maxi/Documents/github/sl-updated/system/CodeIgniter.php(326): CodeIgniter\CodeIgniter->handleRequest()
#9 /home/maxi/Documents/github/sl-updated/public/index.php(37): CodeIgniter\CodeIgniter->run()
#10 /home/maxi/Documents/github/sl-updated/system/Commands/Server/rewrite.php(43): require_once('...')
#11 {main}
