CRITICAL - 2022-05-12 00:45:20 --> Invalid file: /pages/Blog/Blog-single.php
#0 /home/maxi/Documents/github/sl-updated/system/View/View.php(198): CodeIgniter\Exceptions\FrameworkException::forInvalidFile()
#1 /home/maxi/Documents/github/sl-updated/system/Common.php(1089): CodeIgniter\View\View->render()
#2 /home/maxi/Documents/github/sl-updated/app/Controllers/Dashboard.php(80): view()
#3 /home/maxi/Documents/github/sl-updated/system/CodeIgniter.php(832): App\Controllers\Dashboard->BlogView()
#4 /home/maxi/Documents/github/sl-updated/system/CodeIgniter.php(419): CodeIgniter\CodeIgniter->runController()
#5 /home/maxi/Documents/github/sl-updated/system/CodeIgniter.php(326): CodeIgniter\CodeIgniter->handleRequest()
#6 /home/maxi/Documents/github/sl-updated/public/index.php(37): CodeIgniter\CodeIgniter->run()
#7 /home/maxi/Documents/github/sl-updated/system/Commands/Server/rewrite.php(43): require_once('...')
#8 {main}
CRITICAL - 2022-05-12 00:46:40 --> Undefined variable $title
#0 /home/maxi/Documents/github/sl-updated/app/Views/components/portal-frame.php(11): CodeIgniter\Debug\Exceptions->errorHandler()
#1 /home/maxi/Documents/github/sl-updated/system/View/View.php(210): include('...')
#2 /home/maxi/Documents/github/sl-updated/system/View/View.php(213): CodeIgniter\View\View->CodeIgniter\View\{closure}()
#3 /home/maxi/Documents/github/sl-updated/system/View/View.php(226): CodeIgniter\View\View->render()
#4 /home/maxi/Documents/github/sl-updated/system/Common.php(1089): CodeIgniter\View\View->render()
#5 /home/maxi/Documents/github/sl-updated/app/Controllers/Dashboard.php(80): view()
#6 /home/maxi/Documents/github/sl-updated/system/CodeIgniter.php(832): App\Controllers\Dashboard->BlogView()
#7 /home/maxi/Documents/github/sl-updated/system/CodeIgniter.php(419): CodeIgniter\CodeIgniter->runController()
#8 /home/maxi/Documents/github/sl-updated/system/CodeIgniter.php(326): CodeIgniter\CodeIgniter->handleRequest()
#9 /home/maxi/Documents/github/sl-updated/public/index.php(37): CodeIgniter\CodeIgniter->run()
#10 /home/maxi/Documents/github/sl-updated/system/Commands/Server/rewrite.php(43): require_once('...')
#11 {main}
CRITICAL - 2022-05-12 02:08:04 --> Undefined variable $id
#0 /home/maxi/Documents/github/sl-updated/app/Controllers/Dashboard.php(78): CodeIgniter\Debug\Exceptions->errorHandler()
#1 /home/maxi/Documents/github/sl-updated/system/CodeIgniter.php(832): App\Controllers\Dashboard->BlogView()
#2 /home/maxi/Documents/github/sl-updated/system/CodeIgniter.php(419): CodeIgniter\CodeIgniter->runController()
#3 /home/maxi/Documents/github/sl-updated/system/CodeIgniter.php(326): CodeIgniter\CodeIgniter->handleRequest()
#4 /home/maxi/Documents/github/sl-updated/public/index.php(37): CodeIgniter\CodeIgniter->run()
#5 /home/maxi/Documents/github/sl-updated/system/Commands/Server/rewrite.php(43): require_once('...')
#6 {main}
CRITICAL - 2022-05-12 02:08:05 --> Undefined variable $id
#0 /home/maxi/Documents/github/sl-updated/app/Controllers/Dashboard.php(78): CodeIgniter\Debug\Exceptions->errorHandler()
#1 /home/maxi/Documents/github/sl-updated/system/CodeIgniter.php(832): App\Controllers\Dashboard->BlogView()
#2 /home/maxi/Documents/github/sl-updated/system/CodeIgniter.php(419): CodeIgniter\CodeIgniter->runController()
#3 /home/maxi/Documents/github/sl-updated/system/CodeIgniter.php(326): CodeIgniter\CodeIgniter->handleRequest()
#4 /home/maxi/Documents/github/sl-updated/public/index.php(37): CodeIgniter\CodeIgniter->run()
#5 /home/maxi/Documents/github/sl-updated/system/Commands/Server/rewrite.php(43): require_once('...')
#6 {main}
CRITICAL - 2022-05-12 02:09:46 --> Trying to access array offset on value of type null
#0 /home/maxi/Documents/github/sl-updated/app/Views/pages/blog/Blog-single.php(53): CodeIgniter\Debug\Exceptions->errorHandler()
#1 /home/maxi/Documents/github/sl-updated/system/View/View.php(210): include('...')
#2 /home/maxi/Documents/github/sl-updated/system/View/View.php(213): CodeIgniter\View\View->CodeIgniter\View\{closure}()
#3 /home/maxi/Documents/github/sl-updated/system/Common.php(1089): CodeIgniter\View\View->render()
#4 /home/maxi/Documents/github/sl-updated/app/Controllers/Dashboard.php(80): view()
#5 /home/maxi/Documents/github/sl-updated/system/CodeIgniter.php(832): App\Controllers\Dashboard->BlogView()
#6 /home/maxi/Documents/github/sl-updated/system/CodeIgniter.php(419): CodeIgniter\CodeIgniter->runController()
#7 /home/maxi/Documents/github/sl-updated/system/CodeIgniter.php(326): CodeIgniter\CodeIgniter->handleRequest()
#8 /home/maxi/Documents/github/sl-updated/public/index.php(37): CodeIgniter\CodeIgniter->run()
#9 /home/maxi/Documents/github/sl-updated/system/Commands/Server/rewrite.php(43): require_once('...')
#10 {main}
CRITICAL - 2022-05-12 02:10:09 --> Trying to access array offset on value of type null
#0 /home/maxi/Documents/github/sl-updated/app/Views/pages/blog/Blog-single.php(53): CodeIgniter\Debug\Exceptions->errorHandler()
#1 /home/maxi/Documents/github/sl-updated/system/View/View.php(210): include('...')
#2 /home/maxi/Documents/github/sl-updated/system/View/View.php(213): CodeIgniter\View\View->CodeIgniter\View\{closure}()
#3 /home/maxi/Documents/github/sl-updated/system/Common.php(1089): CodeIgniter\View\View->render()
#4 /home/maxi/Documents/github/sl-updated/app/Controllers/Dashboard.php(80): view()
#5 /home/maxi/Documents/github/sl-updated/system/CodeIgniter.php(832): App\Controllers\Dashboard->BlogView()
#6 /home/maxi/Documents/github/sl-updated/system/CodeIgniter.php(419): CodeIgniter\CodeIgniter->runController()
#7 /home/maxi/Documents/github/sl-updated/system/CodeIgniter.php(326): CodeIgniter\CodeIgniter->handleRequest()
#8 /home/maxi/Documents/github/sl-updated/public/index.php(37): CodeIgniter\CodeIgniter->run()
#9 /home/maxi/Documents/github/sl-updated/system/Commands/Server/rewrite.php(43): require_once('...')
#10 {main}
CRITICAL - 2022-05-12 02:12:51 --> Trying to access array offset on value of type null
#0 /home/maxi/Documents/github/sl-updated/app/Views/pages/blog/Blog-single.php(53): CodeIgniter\Debug\Exceptions->errorHandler()
#1 /home/maxi/Documents/github/sl-updated/system/View/View.php(210): include('...')
#2 /home/maxi/Documents/github/sl-updated/system/View/View.php(213): CodeIgniter\View\View->CodeIgniter\View\{closure}()
#3 /home/maxi/Documents/github/sl-updated/system/Common.php(1089): CodeIgniter\View\View->render()
#4 /home/maxi/Documents/github/sl-updated/app/Controllers/Dashboard.php(80): view()
#5 /home/maxi/Documents/github/sl-updated/system/CodeIgniter.php(832): App\Controllers\Dashboard->BlogView()
#6 /home/maxi/Documents/github/sl-updated/system/CodeIgniter.php(419): CodeIgniter\CodeIgniter->runController()
#7 /home/maxi/Documents/github/sl-updated/system/CodeIgniter.php(326): CodeIgniter\CodeIgniter->handleRequest()
#8 /home/maxi/Documents/github/sl-updated/public/index.php(37): CodeIgniter\CodeIgniter->run()
#9 /home/maxi/Documents/github/sl-updated/system/Commands/Server/rewrite.php(43): require_once('...')
#10 {main}
CRITICAL - 2022-05-12 02:15:00 --> Invalid file: /pages/Blog.php
#0 /home/maxi/Documents/github/sl-updated/system/View/View.php(198): CodeIgniter\Exceptions\FrameworkException::forInvalidFile()
#1 /home/maxi/Documents/github/sl-updated/system/Common.php(1089): CodeIgniter\View\View->render()
#2 /home/maxi/Documents/github/sl-updated/app/Controllers/Dashboard.php(20): view()
#3 /home/maxi/Documents/github/sl-updated/system/CodeIgniter.php(832): App\Controllers\Dashboard->Blog()
#4 /home/maxi/Documents/github/sl-updated/system/CodeIgniter.php(419): CodeIgniter\CodeIgniter->runController()
#5 /home/maxi/Documents/github/sl-updated/system/CodeIgniter.php(326): CodeIgniter\CodeIgniter->handleRequest()
#6 /home/maxi/Documents/github/sl-updated/public/index.php(37): CodeIgniter\CodeIgniter->run()
#7 /home/maxi/Documents/github/sl-updated/system/Commands/Server/rewrite.php(43): require_once('...')
#8 {main}
CRITICAL - 2022-05-12 02:15:32 --> Invalid file: /pages/Blog.php
#0 /home/maxi/Documents/github/sl-updated/system/View/View.php(198): CodeIgniter\Exceptions\FrameworkException::forInvalidFile()
#1 /home/maxi/Documents/github/sl-updated/system/Common.php(1089): CodeIgniter\View\View->render()
#2 /home/maxi/Documents/github/sl-updated/app/Controllers/Dashboard.php(20): view()
#3 /home/maxi/Documents/github/sl-updated/system/CodeIgniter.php(832): App\Controllers\Dashboard->Blog()
#4 /home/maxi/Documents/github/sl-updated/system/CodeIgniter.php(419): CodeIgniter\CodeIgniter->runController()
#5 /home/maxi/Documents/github/sl-updated/system/CodeIgniter.php(326): CodeIgniter\CodeIgniter->handleRequest()
#6 /home/maxi/Documents/github/sl-updated/public/index.php(37): CodeIgniter\CodeIgniter->run()
#7 /home/maxi/Documents/github/sl-updated/system/Commands/Server/rewrite.php(43): require_once('...')
#8 {main}
CRITICAL - 2022-05-12 02:16:00 --> Invalid file: /pages/Blog.php
#0 /home/maxi/Documents/github/sl-updated/system/View/View.php(198): CodeIgniter\Exceptions\FrameworkException::forInvalidFile()
#1 /home/maxi/Documents/github/sl-updated/system/Common.php(1089): CodeIgniter\View\View->render()
#2 /home/maxi/Documents/github/sl-updated/app/Controllers/Dashboard.php(20): view()
#3 /home/maxi/Documents/github/sl-updated/system/CodeIgniter.php(832): App\Controllers\Dashboard->Blog()
#4 /home/maxi/Documents/github/sl-updated/system/CodeIgniter.php(419): CodeIgniter\CodeIgniter->runController()
#5 /home/maxi/Documents/github/sl-updated/system/CodeIgniter.php(326): CodeIgniter\CodeIgniter->handleRequest()
#6 /home/maxi/Documents/github/sl-updated/public/index.php(37): CodeIgniter\CodeIgniter->run()
#7 /home/maxi/Documents/github/sl-updated/system/Commands/Server/rewrite.php(43): require_once('...')
#8 {main}
CRITICAL - 2022-05-12 02:17:28 --> Invalid file: /pages/Blog.php
#0 /home/maxi/Documents/github/sl-updated/system/View/View.php(198): CodeIgniter\Exceptions\FrameworkException::forInvalidFile()
#1 /home/maxi/Documents/github/sl-updated/system/Common.php(1089): CodeIgniter\View\View->render()
#2 /home/maxi/Documents/github/sl-updated/app/Controllers/Dashboard.php(20): view()
#3 /home/maxi/Documents/github/sl-updated/system/CodeIgniter.php(832): App\Controllers\Dashboard->Blog()
#4 /home/maxi/Documents/github/sl-updated/system/CodeIgniter.php(419): CodeIgniter\CodeIgniter->runController()
#5 /home/maxi/Documents/github/sl-updated/system/CodeIgniter.php(326): CodeIgniter\CodeIgniter->handleRequest()
#6 /home/maxi/Documents/github/sl-updated/public/index.php(37): CodeIgniter\CodeIgniter->run()
#7 /home/maxi/Documents/github/sl-updated/system/Commands/Server/rewrite.php(43): require_once('...')
#8 {main}
CRITICAL - 2022-05-12 02:33:12 --> Trying to access array offset on value of type null
#0 /home/maxi/Documents/github/sl-updated/app/Views/pages/blog/Blog-single.php(23): CodeIgniter\Debug\Exceptions->errorHandler()
#1 /home/maxi/Documents/github/sl-updated/system/View/View.php(210): include('...')
#2 /home/maxi/Documents/github/sl-updated/system/View/View.php(213): CodeIgniter\View\View->CodeIgniter\View\{closure}()
#3 /home/maxi/Documents/github/sl-updated/system/Common.php(1089): CodeIgniter\View\View->render()
#4 /home/maxi/Documents/github/sl-updated/app/Controllers/Dashboard.php(80): view()
#5 /home/maxi/Documents/github/sl-updated/system/CodeIgniter.php(832): App\Controllers\Dashboard->BlogView()
#6 /home/maxi/Documents/github/sl-updated/system/CodeIgniter.php(419): CodeIgniter\CodeIgniter->runController()
#7 /home/maxi/Documents/github/sl-updated/system/CodeIgniter.php(326): CodeIgniter\CodeIgniter->handleRequest()
#8 /home/maxi/Documents/github/sl-updated/public/index.php(37): CodeIgniter\CodeIgniter->run()
#9 /home/maxi/Documents/github/sl-updated/system/Commands/Server/rewrite.php(43): require_once('...')
#10 {main}
CRITICAL - 2022-05-12 03:44:44 --> The original file is not a valid file.
#0 /home/maxi/Documents/github/sl-updated/system/HTTP/Files/UploadedFile.php(137): CodeIgniter\HTTP\Exceptions\HTTPException::forInvalidFile()
#1 /home/maxi/Documents/github/sl-updated/app/Controllers/Dashboard.php(59): CodeIgniter\HTTP\Files\UploadedFile->move()
#2 /home/maxi/Documents/github/sl-updated/system/CodeIgniter.php(832): App\Controllers\Dashboard->blogCreate()
#3 /home/maxi/Documents/github/sl-updated/system/CodeIgniter.php(419): CodeIgniter\CodeIgniter->runController()
#4 /home/maxi/Documents/github/sl-updated/system/CodeIgniter.php(326): CodeIgniter\CodeIgniter->handleRequest()
#5 /home/maxi/Documents/github/sl-updated/public/index.php(37): CodeIgniter\CodeIgniter->run()
#6 /home/maxi/Documents/github/sl-updated/system/Commands/Server/rewrite.php(43): require_once('...')
#7 {main}
CRITICAL - 2022-05-12 03:44:46 --> The original file is not a valid file.
#0 /home/maxi/Documents/github/sl-updated/system/HTTP/Files/UploadedFile.php(137): CodeIgniter\HTTP\Exceptions\HTTPException::forInvalidFile()
#1 /home/maxi/Documents/github/sl-updated/app/Controllers/Dashboard.php(59): CodeIgniter\HTTP\Files\UploadedFile->move()
#2 /home/maxi/Documents/github/sl-updated/system/CodeIgniter.php(832): App\Controllers\Dashboard->blogCreate()
#3 /home/maxi/Documents/github/sl-updated/system/CodeIgniter.php(419): CodeIgniter\CodeIgniter->runController()
#4 /home/maxi/Documents/github/sl-updated/system/CodeIgniter.php(326): CodeIgniter\CodeIgniter->handleRequest()
#5 /home/maxi/Documents/github/sl-updated/public/index.php(37): CodeIgniter\CodeIgniter->run()
#6 /home/maxi/Documents/github/sl-updated/system/Commands/Server/rewrite.php(43): require_once('...')
#7 {main}
CRITICAL - 2022-05-12 03:44:47 --> The original file is not a valid file.
#0 /home/maxi/Documents/github/sl-updated/system/HTTP/Files/UploadedFile.php(137): CodeIgniter\HTTP\Exceptions\HTTPException::forInvalidFile()
#1 /home/maxi/Documents/github/sl-updated/app/Controllers/Dashboard.php(59): CodeIgniter\HTTP\Files\UploadedFile->move()
#2 /home/maxi/Documents/github/sl-updated/system/CodeIgniter.php(832): App\Controllers\Dashboard->blogCreate()
#3 /home/maxi/Documents/github/sl-updated/system/CodeIgniter.php(419): CodeIgniter\CodeIgniter->runController()
#4 /home/maxi/Documents/github/sl-updated/system/CodeIgniter.php(326): CodeIgniter\CodeIgniter->handleRequest()
#5 /home/maxi/Documents/github/sl-updated/public/index.php(37): CodeIgniter\CodeIgniter->run()
#6 /home/maxi/Documents/github/sl-updated/system/Commands/Server/rewrite.php(43): require_once('...')
#7 {main}
CRITICAL - 2022-05-12 03:44:49 --> The original file is not a valid file.
#0 /home/maxi/Documents/github/sl-updated/system/HTTP/Files/UploadedFile.php(137): CodeIgniter\HTTP\Exceptions\HTTPException::forInvalidFile()
#1 /home/maxi/Documents/github/sl-updated/app/Controllers/Dashboard.php(59): CodeIgniter\HTTP\Files\UploadedFile->move()
#2 /home/maxi/Documents/github/sl-updated/system/CodeIgniter.php(832): App\Controllers\Dashboard->blogCreate()
#3 /home/maxi/Documents/github/sl-updated/system/CodeIgniter.php(419): CodeIgniter\CodeIgniter->runController()
#4 /home/maxi/Documents/github/sl-updated/system/CodeIgniter.php(326): CodeIgniter\CodeIgniter->handleRequest()
#5 /home/maxi/Documents/github/sl-updated/public/index.php(37): CodeIgniter\CodeIgniter->run()
#6 /home/maxi/Documents/github/sl-updated/system/Commands/Server/rewrite.php(43): require_once('...')
#7 {main}
CRITICAL - 2022-05-12 03:44:49 --> The original file is not a valid file.
#0 /home/maxi/Documents/github/sl-updated/system/HTTP/Files/UploadedFile.php(137): CodeIgniter\HTTP\Exceptions\HTTPException::forInvalidFile()
#1 /home/maxi/Documents/github/sl-updated/app/Controllers/Dashboard.php(59): CodeIgniter\HTTP\Files\UploadedFile->move()
#2 /home/maxi/Documents/github/sl-updated/system/CodeIgniter.php(832): App\Controllers\Dashboard->blogCreate()
#3 /home/maxi/Documents/github/sl-updated/system/CodeIgniter.php(419): CodeIgniter\CodeIgniter->runController()
#4 /home/maxi/Documents/github/sl-updated/system/CodeIgniter.php(326): CodeIgniter\CodeIgniter->handleRequest()
#5 /home/maxi/Documents/github/sl-updated/public/index.php(37): CodeIgniter\CodeIgniter->run()
#6 /home/maxi/Documents/github/sl-updated/system/Commands/Server/rewrite.php(43): require_once('...')
#7 {main}
CRITICAL - 2022-05-12 03:44:50 --> The original file is not a valid file.
#0 /home/maxi/Documents/github/sl-updated/system/HTTP/Files/UploadedFile.php(137): CodeIgniter\HTTP\Exceptions\HTTPException::forInvalidFile()
#1 /home/maxi/Documents/github/sl-updated/app/Controllers/Dashboard.php(59): CodeIgniter\HTTP\Files\UploadedFile->move()
#2 /home/maxi/Documents/github/sl-updated/system/CodeIgniter.php(832): App\Controllers\Dashboard->blogCreate()
#3 /home/maxi/Documents/github/sl-updated/system/CodeIgniter.php(419): CodeIgniter\CodeIgniter->runController()
#4 /home/maxi/Documents/github/sl-updated/system/CodeIgniter.php(326): CodeIgniter\CodeIgniter->handleRequest()
#5 /home/maxi/Documents/github/sl-updated/public/index.php(37): CodeIgniter\CodeIgniter->run()
#6 /home/maxi/Documents/github/sl-updated/system/Commands/Server/rewrite.php(43): require_once('...')
#7 {main}
CRITICAL - 2022-05-12 03:44:52 --> The original file is not a valid file.
#0 /home/maxi/Documents/github/sl-updated/system/HTTP/Files/UploadedFile.php(137): CodeIgniter\HTTP\Exceptions\HTTPException::forInvalidFile()
#1 /home/maxi/Documents/github/sl-updated/app/Controllers/Dashboard.php(59): CodeIgniter\HTTP\Files\UploadedFile->move()
#2 /home/maxi/Documents/github/sl-updated/system/CodeIgniter.php(832): App\Controllers\Dashboard->blogCreate()
#3 /home/maxi/Documents/github/sl-updated/system/CodeIgniter.php(419): CodeIgniter\CodeIgniter->runController()
#4 /home/maxi/Documents/github/sl-updated/system/CodeIgniter.php(326): CodeIgniter\CodeIgniter->handleRequest()
#5 /home/maxi/Documents/github/sl-updated/public/index.php(37): CodeIgniter\CodeIgniter->run()
#6 /home/maxi/Documents/github/sl-updated/system/Commands/Server/rewrite.php(43): require_once('...')
#7 {main}
CRITICAL - 2022-05-12 03:44:55 --> The original file is not a valid file.
#0 /home/maxi/Documents/github/sl-updated/system/HTTP/Files/UploadedFile.php(137): CodeIgniter\HTTP\Exceptions\HTTPException::forInvalidFile()
#1 /home/maxi/Documents/github/sl-updated/app/Controllers/Dashboard.php(59): CodeIgniter\HTTP\Files\UploadedFile->move()
#2 /home/maxi/Documents/github/sl-updated/system/CodeIgniter.php(832): App\Controllers\Dashboard->blogCreate()
#3 /home/maxi/Documents/github/sl-updated/system/CodeIgniter.php(419): CodeIgniter\CodeIgniter->runController()
#4 /home/maxi/Documents/github/sl-updated/system/CodeIgniter.php(326): CodeIgniter\CodeIgniter->handleRequest()
#5 /home/maxi/Documents/github/sl-updated/public/index.php(37): CodeIgniter\CodeIgniter->run()
#6 /home/maxi/Documents/github/sl-updated/system/Commands/Server/rewrite.php(43): require_once('...')
#7 {main}
CRITICAL - 2022-05-12 03:44:55 --> The original file is not a valid file.
#0 /home/maxi/Documents/github/sl-updated/system/HTTP/Files/UploadedFile.php(137): CodeIgniter\HTTP\Exceptions\HTTPException::forInvalidFile()
#1 /home/maxi/Documents/github/sl-updated/app/Controllers/Dashboard.php(59): CodeIgniter\HTTP\Files\UploadedFile->move()
#2 /home/maxi/Documents/github/sl-updated/system/CodeIgniter.php(832): App\Controllers\Dashboard->blogCreate()
#3 /home/maxi/Documents/github/sl-updated/system/CodeIgniter.php(419): CodeIgniter\CodeIgniter->runController()
#4 /home/maxi/Documents/github/sl-updated/system/CodeIgniter.php(326): CodeIgniter\CodeIgniter->handleRequest()
#5 /home/maxi/Documents/github/sl-updated/public/index.php(37): CodeIgniter\CodeIgniter->run()
#6 /home/maxi/Documents/github/sl-updated/system/Commands/Server/rewrite.php(43): require_once('...')
#7 {main}
CRITICAL - 2022-05-12 03:44:56 --> The original file is not a valid file.
#0 /home/maxi/Documents/github/sl-updated/system/HTTP/Files/UploadedFile.php(137): CodeIgniter\HTTP\Exceptions\HTTPException::forInvalidFile()
#1 /home/maxi/Documents/github/sl-updated/app/Controllers/Dashboard.php(59): CodeIgniter\HTTP\Files\UploadedFile->move()
#2 /home/maxi/Documents/github/sl-updated/system/CodeIgniter.php(832): App\Controllers\Dashboard->blogCreate()
#3 /home/maxi/Documents/github/sl-updated/system/CodeIgniter.php(419): CodeIgniter\CodeIgniter->runController()
#4 /home/maxi/Documents/github/sl-updated/system/CodeIgniter.php(326): CodeIgniter\CodeIgniter->handleRequest()
#5 /home/maxi/Documents/github/sl-updated/public/index.php(37): CodeIgniter\CodeIgniter->run()
#6 /home/maxi/Documents/github/sl-updated/system/Commands/Server/rewrite.php(43): require_once('...')
#7 {main}
CRITICAL - 2022-05-12 03:45:00 --> The original file is not a valid file.
#0 /home/maxi/Documents/github/sl-updated/system/HTTP/Files/UploadedFile.php(137): CodeIgniter\HTTP\Exceptions\HTTPException::forInvalidFile()
#1 /home/maxi/Documents/github/sl-updated/app/Controllers/Dashboard.php(59): CodeIgniter\HTTP\Files\UploadedFile->move()
#2 /home/maxi/Documents/github/sl-updated/system/CodeIgniter.php(832): App\Controllers\Dashboard->blogCreate()
#3 /home/maxi/Documents/github/sl-updated/system/CodeIgniter.php(419): CodeIgniter\CodeIgniter->runController()
#4 /home/maxi/Documents/github/sl-updated/system/CodeIgniter.php(326): CodeIgniter\CodeIgniter->handleRequest()
#5 /home/maxi/Documents/github/sl-updated/public/index.php(37): CodeIgniter\CodeIgniter->run()
#6 /home/maxi/Documents/github/sl-updated/system/Commands/Server/rewrite.php(43): require_once('...')
#7 {main}
CRITICAL - 2022-05-12 03:45:15 --> The original file is not a valid file.
#0 /home/maxi/Documents/github/sl-updated/system/HTTP/Files/UploadedFile.php(137): CodeIgniter\HTTP\Exceptions\HTTPException::forInvalidFile()
#1 /home/maxi/Documents/github/sl-updated/app/Controllers/Dashboard.php(59): CodeIgniter\HTTP\Files\UploadedFile->move()
#2 /home/maxi/Documents/github/sl-updated/system/CodeIgniter.php(832): App\Controllers\Dashboard->blogCreate()
#3 /home/maxi/Documents/github/sl-updated/system/CodeIgniter.php(419): CodeIgniter\CodeIgniter->runController()
#4 /home/maxi/Documents/github/sl-updated/system/CodeIgniter.php(326): CodeIgniter\CodeIgniter->handleRequest()
#5 /home/maxi/Documents/github/sl-updated/public/index.php(37): CodeIgniter\CodeIgniter->run()
#6 /home/maxi/Documents/github/sl-updated/system/Commands/Server/rewrite.php(43): require_once('...')
#7 {main}
CRITICAL - 2022-05-12 03:45:48 --> The original file is not a valid file.
#0 /home/maxi/Documents/github/sl-updated/system/HTTP/Files/UploadedFile.php(137): CodeIgniter\HTTP\Exceptions\HTTPException::forInvalidFile()
#1 /home/maxi/Documents/github/sl-updated/app/Controllers/Dashboard.php(59): CodeIgniter\HTTP\Files\UploadedFile->move()
#2 /home/maxi/Documents/github/sl-updated/system/CodeIgniter.php(832): App\Controllers\Dashboard->blogCreate()
#3 /home/maxi/Documents/github/sl-updated/system/CodeIgniter.php(419): CodeIgniter\CodeIgniter->runController()
#4 /home/maxi/Documents/github/sl-updated/system/CodeIgniter.php(326): CodeIgniter\CodeIgniter->handleRequest()
#5 /home/maxi/Documents/github/sl-updated/public/index.php(37): CodeIgniter\CodeIgniter->run()
#6 /home/maxi/Documents/github/sl-updated/system/Commands/Server/rewrite.php(43): require_once('...')
#7 {main}
CRITICAL - 2022-05-12 03:45:49 --> The original file is not a valid file.
#0 /home/maxi/Documents/github/sl-updated/system/HTTP/Files/UploadedFile.php(137): CodeIgniter\HTTP\Exceptions\HTTPException::forInvalidFile()
#1 /home/maxi/Documents/github/sl-updated/app/Controllers/Dashboard.php(59): CodeIgniter\HTTP\Files\UploadedFile->move()
#2 /home/maxi/Documents/github/sl-updated/system/CodeIgniter.php(832): App\Controllers\Dashboard->blogCreate()
#3 /home/maxi/Documents/github/sl-updated/system/CodeIgniter.php(419): CodeIgniter\CodeIgniter->runController()
#4 /home/maxi/Documents/github/sl-updated/system/CodeIgniter.php(326): CodeIgniter\CodeIgniter->handleRequest()
#5 /home/maxi/Documents/github/sl-updated/public/index.php(37): CodeIgniter\CodeIgniter->run()
#6 /home/maxi/Documents/github/sl-updated/system/Commands/Server/rewrite.php(43): require_once('...')
#7 {main}
CRITICAL - 2022-05-12 03:45:50 --> The original file is not a valid file.
#0 /home/maxi/Documents/github/sl-updated/system/HTTP/Files/UploadedFile.php(137): CodeIgniter\HTTP\Exceptions\HTTPException::forInvalidFile()
#1 /home/maxi/Documents/github/sl-updated/app/Controllers/Dashboard.php(59): CodeIgniter\HTTP\Files\UploadedFile->move()
#2 /home/maxi/Documents/github/sl-updated/system/CodeIgniter.php(832): App\Controllers\Dashboard->blogCreate()
#3 /home/maxi/Documents/github/sl-updated/system/CodeIgniter.php(419): CodeIgniter\CodeIgniter->runController()
#4 /home/maxi/Documents/github/sl-updated/system/CodeIgniter.php(326): CodeIgniter\CodeIgniter->handleRequest()
#5 /home/maxi/Documents/github/sl-updated/public/index.php(37): CodeIgniter\CodeIgniter->run()
#6 /home/maxi/Documents/github/sl-updated/system/Commands/Server/rewrite.php(43): require_once('...')
#7 {main}
CRITICAL - 2022-05-12 03:45:52 --> The original file is not a valid file.
#0 /home/maxi/Documents/github/sl-updated/system/HTTP/Files/UploadedFile.php(137): CodeIgniter\HTTP\Exceptions\HTTPException::forInvalidFile()
#1 /home/maxi/Documents/github/sl-updated/app/Controllers/Dashboard.php(59): CodeIgniter\HTTP\Files\UploadedFile->move()
#2 /home/maxi/Documents/github/sl-updated/system/CodeIgniter.php(832): App\Controllers\Dashboard->blogCreate()
#3 /home/maxi/Documents/github/sl-updated/system/CodeIgniter.php(419): CodeIgniter\CodeIgniter->runController()
#4 /home/maxi/Documents/github/sl-updated/system/CodeIgniter.php(326): CodeIgniter\CodeIgniter->handleRequest()
#5 /home/maxi/Documents/github/sl-updated/public/index.php(37): CodeIgniter\CodeIgniter->run()
#6 /home/maxi/Documents/github/sl-updated/system/Commands/Server/rewrite.php(43): require_once('...')
#7 {main}
CRITICAL - 2022-05-12 03:45:53 --> The original file is not a valid file.
#0 /home/maxi/Documents/github/sl-updated/system/HTTP/Files/UploadedFile.php(137): CodeIgniter\HTTP\Exceptions\HTTPException::forInvalidFile()
#1 /home/maxi/Documents/github/sl-updated/app/Controllers/Dashboard.php(59): CodeIgniter\HTTP\Files\UploadedFile->move()
#2 /home/maxi/Documents/github/sl-updated/system/CodeIgniter.php(832): App\Controllers\Dashboard->blogCreate()
#3 /home/maxi/Documents/github/sl-updated/system/CodeIgniter.php(419): CodeIgniter\CodeIgniter->runController()
#4 /home/maxi/Documents/github/sl-updated/system/CodeIgniter.php(326): CodeIgniter\CodeIgniter->handleRequest()
#5 /home/maxi/Documents/github/sl-updated/public/index.php(37): CodeIgniter\CodeIgniter->run()
#6 /home/maxi/Documents/github/sl-updated/system/Commands/Server/rewrite.php(43): require_once('...')
#7 {main}
CRITICAL - 2022-05-12 03:45:54 --> The original file is not a valid file.
#0 /home/maxi/Documents/github/sl-updated/system/HTTP/Files/UploadedFile.php(137): CodeIgniter\HTTP\Exceptions\HTTPException::forInvalidFile()
#1 /home/maxi/Documents/github/sl-updated/app/Controllers/Dashboard.php(59): CodeIgniter\HTTP\Files\UploadedFile->move()
#2 /home/maxi/Documents/github/sl-updated/system/CodeIgniter.php(832): App\Controllers\Dashboard->blogCreate()
#3 /home/maxi/Documents/github/sl-updated/system/CodeIgniter.php(419): CodeIgniter\CodeIgniter->runController()
#4 /home/maxi/Documents/github/sl-updated/system/CodeIgniter.php(326): CodeIgniter\CodeIgniter->handleRequest()
#5 /home/maxi/Documents/github/sl-updated/public/index.php(37): CodeIgniter\CodeIgniter->run()
#6 /home/maxi/Documents/github/sl-updated/system/Commands/Server/rewrite.php(43): require_once('...')
#7 {main}
CRITICAL - 2022-05-12 03:45:55 --> The original file is not a valid file.
#0 /home/maxi/Documents/github/sl-updated/system/HTTP/Files/UploadedFile.php(137): CodeIgniter\HTTP\Exceptions\HTTPException::forInvalidFile()
#1 /home/maxi/Documents/github/sl-updated/app/Controllers/Dashboard.php(59): CodeIgniter\HTTP\Files\UploadedFile->move()
#2 /home/maxi/Documents/github/sl-updated/system/CodeIgniter.php(832): App\Controllers\Dashboard->blogCreate()
#3 /home/maxi/Documents/github/sl-updated/system/CodeIgniter.php(419): CodeIgniter\CodeIgniter->runController()
#4 /home/maxi/Documents/github/sl-updated/system/CodeIgniter.php(326): CodeIgniter\CodeIgniter->handleRequest()
#5 /home/maxi/Documents/github/sl-updated/public/index.php(37): CodeIgniter\CodeIgniter->run()
#6 /home/maxi/Documents/github/sl-updated/system/Commands/Server/rewrite.php(43): require_once('...')
#7 {main}
CRITICAL - 2022-05-12 05:19:20 --> Undefined variable $time
#0 /home/maxi/Documents/github/sl-updated/app/Views/pages/chat/insert-chat.php(9): CodeIgniter\Debug\Exceptions->errorHandler()
#1 /home/maxi/Documents/github/sl-updated/system/View/View.php(210): include('...')
#2 /home/maxi/Documents/github/sl-updated/system/View/View.php(213): CodeIgniter\View\View->CodeIgniter\View\{closure}()
#3 /home/maxi/Documents/github/sl-updated/system/Common.php(1089): CodeIgniter\View\View->render()
#4 /home/maxi/Documents/github/sl-updated/app/Controllers/Home.php(63): view()
#5 /home/maxi/Documents/github/sl-updated/system/CodeIgniter.php(832): App\Controllers\Home->insertChat()
#6 /home/maxi/Documents/github/sl-updated/system/CodeIgniter.php(419): CodeIgniter\CodeIgniter->runController()
#7 /home/maxi/Documents/github/sl-updated/system/CodeIgniter.php(326): CodeIgniter\CodeIgniter->handleRequest()
#8 /home/maxi/Documents/github/sl-updated/public/index.php(37): CodeIgniter\CodeIgniter->run()
#9 /home/maxi/Documents/github/sl-updated/system/Commands/Server/rewrite.php(43): require_once('...')
#10 {main}
CRITICAL - 2022-05-12 05:19:52 --> Undefined variable $time
#0 /home/maxi/Documents/github/sl-updated/app/Views/pages/chat/insert-chat.php(9): CodeIgniter\Debug\Exceptions->errorHandler()
#1 /home/maxi/Documents/github/sl-updated/system/View/View.php(210): include('...')
#2 /home/maxi/Documents/github/sl-updated/system/View/View.php(213): CodeIgniter\View\View->CodeIgniter\View\{closure}()
#3 /home/maxi/Documents/github/sl-updated/system/Common.php(1089): CodeIgniter\View\View->render()
#4 /home/maxi/Documents/github/sl-updated/app/Controllers/Home.php(63): view()
#5 /home/maxi/Documents/github/sl-updated/system/CodeIgniter.php(832): App\Controllers\Home->insertChat()
#6 /home/maxi/Documents/github/sl-updated/system/CodeIgniter.php(419): CodeIgniter\CodeIgniter->runController()
#7 /home/maxi/Documents/github/sl-updated/system/CodeIgniter.php(326): CodeIgniter\CodeIgniter->handleRequest()
#8 /home/maxi/Documents/github/sl-updated/public/index.php(37): CodeIgniter\CodeIgniter->run()
#9 /home/maxi/Documents/github/sl-updated/system/Commands/Server/rewrite.php(43): require_once('...')
#10 {main}
