CRITICAL - 2022-04-27 02:10:42 --> The original file is not a valid file.
#0 /home/maxi/Documents/github/sl-updated/system/HTTP/Files/UploadedFile.php(137): CodeIgniter\HTTP\Exceptions\HTTPException::forInvalidFile()
#1 /home/maxi/Documents/github/sl-updated/app/Controllers/Dashboard.php(57): CodeIgniter\HTTP\Files\UploadedFile->move()
#2 /home/maxi/Documents/github/sl-updated/system/CodeIgniter.php(832): App\Controllers\Dashboard->blogCreate()
#3 /home/maxi/Documents/github/sl-updated/system/CodeIgniter.php(419): CodeIgniter\CodeIgniter->runController()
#4 /home/maxi/Documents/github/sl-updated/system/CodeIgniter.php(326): CodeIgniter\CodeIgniter->handleRequest()
#5 /home/maxi/Documents/github/sl-updated/public/index.php(37): CodeIgniter\CodeIgniter->run()
#6 /home/maxi/Documents/github/sl-updated/system/Commands/Server/rewrite.php(43): require_once('...')
#7 {main}
CRITICAL - 2022-04-27 02:10:44 --> The original file is not a valid file.
#0 /home/maxi/Documents/github/sl-updated/system/HTTP/Files/UploadedFile.php(137): CodeIgniter\HTTP\Exceptions\HTTPException::forInvalidFile()
#1 /home/maxi/Documents/github/sl-updated/app/Controllers/Dashboard.php(57): CodeIgniter\HTTP\Files\UploadedFile->move()
#2 /home/maxi/Documents/github/sl-updated/system/CodeIgniter.php(832): App\Controllers\Dashboard->blogCreate()
#3 /home/maxi/Documents/github/sl-updated/system/CodeIgniter.php(419): CodeIgniter\CodeIgniter->runController()
#4 /home/maxi/Documents/github/sl-updated/system/CodeIgniter.php(326): CodeIgniter\CodeIgniter->handleRequest()
#5 /home/maxi/Documents/github/sl-updated/public/index.php(37): CodeIgniter\CodeIgniter->run()
#6 /home/maxi/Documents/github/sl-updated/system/Commands/Server/rewrite.php(43): require_once('...')
#7 {main}
CRITICAL - 2022-04-27 02:19:07 --> Undefined variable $blogs
#0 /home/maxi/Documents/github/sl-updated/app/Views/pages/Blog-discover.php(28): CodeIgniter\Debug\Exceptions->errorHandler()
#1 /home/maxi/Documents/github/sl-updated/system/View/View.php(210): include('...')
#2 /home/maxi/Documents/github/sl-updated/system/View/View.php(213): CodeIgniter\View\View->CodeIgniter\View\{closure}()
#3 /home/maxi/Documents/github/sl-updated/system/Common.php(1089): CodeIgniter\View\View->render()
#4 /home/maxi/Documents/github/sl-updated/app/Controllers/Dashboard.php(35): view()
#5 /home/maxi/Documents/github/sl-updated/system/CodeIgniter.php(832): App\Controllers\Dashboard->blogDiscover()
#6 /home/maxi/Documents/github/sl-updated/system/CodeIgniter.php(419): CodeIgniter\CodeIgniter->runController()
#7 /home/maxi/Documents/github/sl-updated/system/CodeIgniter.php(326): CodeIgniter\CodeIgniter->handleRequest()
#8 /home/maxi/Documents/github/sl-updated/public/index.php(37): CodeIgniter\CodeIgniter->run()
#9 /home/maxi/Documents/github/sl-updated/system/Commands/Server/rewrite.php(43): require_once('...')
#10 {main}
CRITICAL - 2022-04-27 05:24:26 --> Invalid file: /pages/events/events-dashboard.php
#0 /home/maxi/Documents/github/sl-updated/system/View/View.php(198): CodeIgniter\Exceptions\FrameworkException::forInvalidFile()
#1 /home/maxi/Documents/github/sl-updated/system/Common.php(1089): CodeIgniter\View\View->render()
#2 /home/maxi/Documents/github/sl-updated/app/Controllers/Dashboard.php(133): view()
#3 /home/maxi/Documents/github/sl-updated/system/CodeIgniter.php(832): App\Controllers\Dashboard->Events()
#4 /home/maxi/Documents/github/sl-updated/system/CodeIgniter.php(419): CodeIgniter\CodeIgniter->runController()
#5 /home/maxi/Documents/github/sl-updated/system/CodeIgniter.php(326): CodeIgniter\CodeIgniter->handleRequest()
#6 /home/maxi/Documents/github/sl-updated/public/index.php(37): CodeIgniter\CodeIgniter->run()
#7 /home/maxi/Documents/github/sl-updated/system/Commands/Server/rewrite.php(43): require_once('...')
#8 {main}
CRITICAL - 2022-04-27 15:22:58 --> Call to undefined method CodeIgniter\HTTP\IncomingRequest::gebtVar()
#0 /home/maxi/Documents/github/sl-updated/system/CodeIgniter.php(832): App\Controllers\Dashboard->EventsUpload()
#1 /home/maxi/Documents/github/sl-updated/system/CodeIgniter.php(419): CodeIgniter\CodeIgniter->runController()
#2 /home/maxi/Documents/github/sl-updated/system/CodeIgniter.php(326): CodeIgniter\CodeIgniter->handleRequest()
#3 /home/maxi/Documents/github/sl-updated/public/index.php(37): CodeIgniter\CodeIgniter->run()
#4 /home/maxi/Documents/github/sl-updated/system/Commands/Server/rewrite.php(43): require_once('...')
#5 {main}
CRITICAL - 2022-04-27 15:54:07 --> Undefined constant "session"
#0 /home/maxi/Documents/github/sl-updated/system/View/View.php(210): include()
#1 /home/maxi/Documents/github/sl-updated/system/View/View.php(213): CodeIgniter\View\View->CodeIgniter\View\{closure}()
#2 /home/maxi/Documents/github/sl-updated/system/Common.php(1089): CodeIgniter\View\View->render()
#3 /home/maxi/Documents/github/sl-updated/app/Controllers/Dashboard.php(136): view()
#4 /home/maxi/Documents/github/sl-updated/system/CodeIgniter.php(832): App\Controllers\Dashboard->Eventsdashboard()
#5 /home/maxi/Documents/github/sl-updated/system/CodeIgniter.php(419): CodeIgniter\CodeIgniter->runController()
#6 /home/maxi/Documents/github/sl-updated/system/CodeIgniter.php(326): CodeIgniter\CodeIgniter->handleRequest()
#7 /home/maxi/Documents/github/sl-updated/public/index.php(37): CodeIgniter\CodeIgniter->run()
#8 /home/maxi/Documents/github/sl-updated/system/Commands/Server/rewrite.php(43): require_once('...')
#9 {main}
CRITICAL - 2022-04-27 16:01:54 --> Invalid file: /pages/chat.php
#0 /home/maxi/Documents/github/sl-updated/system/View/View.php(198): CodeIgniter\Exceptions\FrameworkException::forInvalidFile()
#1 /home/maxi/Documents/github/sl-updated/system/Common.php(1089): CodeIgniter\View\View->render()
#2 /home/maxi/Documents/github/sl-updated/app/Controllers/Chat.php(11): view()
#3 /home/maxi/Documents/github/sl-updated/system/CodeIgniter.php(832): App\Controllers\Chat->index()
#4 /home/maxi/Documents/github/sl-updated/system/CodeIgniter.php(419): CodeIgniter\CodeIgniter->runController()
#5 /home/maxi/Documents/github/sl-updated/system/CodeIgniter.php(326): CodeIgniter\CodeIgniter->handleRequest()
#6 /home/maxi/Documents/github/sl-updated/public/index.php(37): CodeIgniter\CodeIgniter->run()
#7 /home/maxi/Documents/github/sl-updated/system/Commands/Server/rewrite.php(43): require_once('...')
#8 {main}
CRITICAL - 2022-04-27 16:02:54 --> Undefined variable $title
#0 /home/maxi/Documents/github/sl-updated/app/Views/components/portal-frame.php(11): CodeIgniter\Debug\Exceptions->errorHandler()
#1 /home/maxi/Documents/github/sl-updated/system/View/View.php(210): include('...')
#2 /home/maxi/Documents/github/sl-updated/system/View/View.php(213): CodeIgniter\View\View->CodeIgniter\View\{closure}()
#3 /home/maxi/Documents/github/sl-updated/system/View/View.php(226): CodeIgniter\View\View->render()
#4 /home/maxi/Documents/github/sl-updated/system/Common.php(1089): CodeIgniter\View\View->render()
#5 /home/maxi/Documents/github/sl-updated/app/Controllers/Chat.php(11): view()
#6 /home/maxi/Documents/github/sl-updated/system/CodeIgniter.php(832): App\Controllers\Chat->index()
#7 /home/maxi/Documents/github/sl-updated/system/CodeIgniter.php(419): CodeIgniter\CodeIgniter->runController()
#8 /home/maxi/Documents/github/sl-updated/system/CodeIgniter.php(326): CodeIgniter\CodeIgniter->handleRequest()
#9 /home/maxi/Documents/github/sl-updated/public/index.php(37): CodeIgniter\CodeIgniter->run()
#10 /home/maxi/Documents/github/sl-updated/system/Commands/Server/rewrite.php(43): require_once('...')
#11 {main}
CRITICAL - 2022-04-27 16:02:56 --> Undefined variable $title
#0 /home/maxi/Documents/github/sl-updated/app/Views/components/portal-frame.php(11): CodeIgniter\Debug\Exceptions->errorHandler()
#1 /home/maxi/Documents/github/sl-updated/system/View/View.php(210): include('...')
#2 /home/maxi/Documents/github/sl-updated/system/View/View.php(213): CodeIgniter\View\View->CodeIgniter\View\{closure}()
#3 /home/maxi/Documents/github/sl-updated/system/View/View.php(226): CodeIgniter\View\View->render()
#4 /home/maxi/Documents/github/sl-updated/system/Common.php(1089): CodeIgniter\View\View->render()
#5 /home/maxi/Documents/github/sl-updated/app/Controllers/Chat.php(11): view()
#6 /home/maxi/Documents/github/sl-updated/system/CodeIgniter.php(832): App\Controllers\Chat->index()
#7 /home/maxi/Documents/github/sl-updated/system/CodeIgniter.php(419): CodeIgniter\CodeIgniter->runController()
#8 /home/maxi/Documents/github/sl-updated/system/CodeIgniter.php(326): CodeIgniter\CodeIgniter->handleRequest()
#9 /home/maxi/Documents/github/sl-updated/public/index.php(37): CodeIgniter\CodeIgniter->run()
#10 /home/maxi/Documents/github/sl-updated/system/Commands/Server/rewrite.php(43): require_once('...')
#11 {main}
CRITICAL - 2022-04-27 16:04:14 --> Undefined variable $title
#0 /home/maxi/Documents/github/sl-updated/app/Views/components/portal-frame.php(11): CodeIgniter\Debug\Exceptions->errorHandler()
#1 /home/maxi/Documents/github/sl-updated/system/View/View.php(210): include('...')
#2 /home/maxi/Documents/github/sl-updated/system/View/View.php(213): CodeIgniter\View\View->CodeIgniter\View\{closure}()
#3 /home/maxi/Documents/github/sl-updated/system/View/View.php(226): CodeIgniter\View\View->render()
#4 /home/maxi/Documents/github/sl-updated/system/Common.php(1089): CodeIgniter\View\View->render()
#5 /home/maxi/Documents/github/sl-updated/app/Controllers/Chat.php(12): view()
#6 /home/maxi/Documents/github/sl-updated/system/CodeIgniter.php(832): App\Controllers\Chat->index()
#7 /home/maxi/Documents/github/sl-updated/system/CodeIgniter.php(419): CodeIgniter\CodeIgniter->runController()
#8 /home/maxi/Documents/github/sl-updated/system/CodeIgniter.php(326): CodeIgniter\CodeIgniter->handleRequest()
#9 /home/maxi/Documents/github/sl-updated/public/index.php(37): CodeIgniter\CodeIgniter->run()
#10 /home/maxi/Documents/github/sl-updated/system/Commands/Server/rewrite.php(43): require_once('...')
#11 {main}
CRITICAL - 2022-04-27 16:04:16 --> Undefined variable $title
#0 /home/maxi/Documents/github/sl-updated/app/Views/components/portal-frame.php(11): CodeIgniter\Debug\Exceptions->errorHandler()
#1 /home/maxi/Documents/github/sl-updated/system/View/View.php(210): include('...')
#2 /home/maxi/Documents/github/sl-updated/system/View/View.php(213): CodeIgniter\View\View->CodeIgniter\View\{closure}()
#3 /home/maxi/Documents/github/sl-updated/system/View/View.php(226): CodeIgniter\View\View->render()
#4 /home/maxi/Documents/github/sl-updated/system/Common.php(1089): CodeIgniter\View\View->render()
#5 /home/maxi/Documents/github/sl-updated/app/Controllers/Chat.php(12): view()
#6 /home/maxi/Documents/github/sl-updated/system/CodeIgniter.php(832): App\Controllers\Chat->index()
#7 /home/maxi/Documents/github/sl-updated/system/CodeIgniter.php(419): CodeIgniter\CodeIgniter->runController()
#8 /home/maxi/Documents/github/sl-updated/system/CodeIgniter.php(326): CodeIgniter\CodeIgniter->handleRequest()
#9 /home/maxi/Documents/github/sl-updated/public/index.php(37): CodeIgniter\CodeIgniter->run()
#10 /home/maxi/Documents/github/sl-updated/system/Commands/Server/rewrite.php(43): require_once('...')
#11 {main}
CRITICAL - 2022-04-27 16:04:16 --> Undefined variable $title
#0 /home/maxi/Documents/github/sl-updated/app/Views/components/portal-frame.php(11): CodeIgniter\Debug\Exceptions->errorHandler()
#1 /home/maxi/Documents/github/sl-updated/system/View/View.php(210): include('...')
#2 /home/maxi/Documents/github/sl-updated/system/View/View.php(213): CodeIgniter\View\View->CodeIgniter\View\{closure}()
#3 /home/maxi/Documents/github/sl-updated/system/View/View.php(226): CodeIgniter\View\View->render()
#4 /home/maxi/Documents/github/sl-updated/system/Common.php(1089): CodeIgniter\View\View->render()
#5 /home/maxi/Documents/github/sl-updated/app/Controllers/Chat.php(12): view()
#6 /home/maxi/Documents/github/sl-updated/system/CodeIgniter.php(832): App\Controllers\Chat->index()
#7 /home/maxi/Documents/github/sl-updated/system/CodeIgniter.php(419): CodeIgniter\CodeIgniter->runController()
#8 /home/maxi/Documents/github/sl-updated/system/CodeIgniter.php(326): CodeIgniter\CodeIgniter->handleRequest()
#9 /home/maxi/Documents/github/sl-updated/public/index.php(37): CodeIgniter\CodeIgniter->run()
#10 /home/maxi/Documents/github/sl-updated/system/Commands/Server/rewrite.php(43): require_once('...')
#11 {main}
CRITICAL - 2022-04-27 16:37:00 --> Undefined variable $events
#0 /home/maxi/Documents/github/sl-updated/app/Views/pages/events/Events-discover.php(28): CodeIgniter\Debug\Exceptions->errorHandler()
#1 /home/maxi/Documents/github/sl-updated/system/View/View.php(210): include('...')
#2 /home/maxi/Documents/github/sl-updated/system/View/View.php(213): CodeIgniter\View\View->CodeIgniter\View\{closure}()
#3 /home/maxi/Documents/github/sl-updated/system/Common.php(1089): CodeIgniter\View\View->render()
#4 /home/maxi/Documents/github/sl-updated/app/Controllers/Dashboard.php(144): view()
#5 /home/maxi/Documents/github/sl-updated/system/CodeIgniter.php(832): App\Controllers\Dashboard->Eventsexplore()
#6 /home/maxi/Documents/github/sl-updated/system/CodeIgniter.php(419): CodeIgniter\CodeIgniter->runController()
#7 /home/maxi/Documents/github/sl-updated/system/CodeIgniter.php(326): CodeIgniter\CodeIgniter->handleRequest()
#8 /home/maxi/Documents/github/sl-updated/public/index.php(37): CodeIgniter\CodeIgniter->run()
#9 /home/maxi/Documents/github/sl-updated/system/Commands/Server/rewrite.php(43): require_once('...')
#10 {main}
CRITICAL - 2022-04-27 16:45:02 --> Call to a member function order_by() on array
#0 /home/maxi/Documents/github/sl-updated/system/CodeIgniter.php(832): App\Controllers\Dashboard->Eventsexplore()
#1 /home/maxi/Documents/github/sl-updated/system/CodeIgniter.php(419): CodeIgniter\CodeIgniter->runController()
#2 /home/maxi/Documents/github/sl-updated/system/CodeIgniter.php(326): CodeIgniter\CodeIgniter->handleRequest()
#3 /home/maxi/Documents/github/sl-updated/public/index.php(37): CodeIgniter\CodeIgniter->run()
#4 /home/maxi/Documents/github/sl-updated/system/Commands/Server/rewrite.php(43): require_once('...')
#5 {main}
CRITICAL - 2022-04-27 16:51:18 --> Call to a member function order_by() on array
#0 /home/maxi/Documents/github/sl-updated/system/CodeIgniter.php(832): App\Controllers\Dashboard->Eventsexplore()
#1 /home/maxi/Documents/github/sl-updated/system/CodeIgniter.php(419): CodeIgniter\CodeIgniter->runController()
#2 /home/maxi/Documents/github/sl-updated/system/CodeIgniter.php(326): CodeIgniter\CodeIgniter->handleRequest()
#3 /home/maxi/Documents/github/sl-updated/public/index.php(37): CodeIgniter\CodeIgniter->run()
#4 /home/maxi/Documents/github/sl-updated/system/Commands/Server/rewrite.php(43): require_once('...')
#5 {main}
CRITICAL - 2022-04-27 16:51:54 --> Call to undefined method App\Models\EventModel::order_by
#0 /home/maxi/Documents/github/sl-updated/app/Controllers/Dashboard.php(142): CodeIgniter\Model->__call()
#1 /home/maxi/Documents/github/sl-updated/system/CodeIgniter.php(832): App\Controllers\Dashboard->Eventsexplore()
#2 /home/maxi/Documents/github/sl-updated/system/CodeIgniter.php(419): CodeIgniter\CodeIgniter->runController()
#3 /home/maxi/Documents/github/sl-updated/system/CodeIgniter.php(326): CodeIgniter\CodeIgniter->handleRequest()
#4 /home/maxi/Documents/github/sl-updated/public/index.php(37): CodeIgniter\CodeIgniter->run()
#5 /home/maxi/Documents/github/sl-updated/system/Commands/Server/rewrite.php(43): require_once('...')
#6 {main}
