ERROR - 2022-05-11 03:20:06 --> Unknown column 'event_id' in 'order clause'
CRITICAL - 2022-05-11 03:20:06 --> Call to a member function getResult() on bool
#0 /home/maxi/Documents/github/sl-updated/system/BaseModel.php(584): CodeIgniter\Model->doFindAll()
#1 /home/maxi/Documents/github/sl-updated/app/Controllers/Functions.php(195): CodeIgniter\BaseModel->findAll()
#2 /home/maxi/Documents/github/sl-updated/system/CodeIgniter.php(832): App\Controllers\Functions->users()
#3 /home/maxi/Documents/github/sl-updated/system/CodeIgniter.php(419): CodeIgniter\CodeIgniter->runController()
#4 /home/maxi/Documents/github/sl-updated/system/CodeIgniter.php(326): CodeIgniter\CodeIgniter->handleRequest()
#5 /home/maxi/Documents/github/sl-updated/public/index.php(37): CodeIgniter\CodeIgniter->run()
#6 /home/maxi/Documents/github/sl-updated/system/Commands/Server/rewrite.php(43): require_once('...')
#7 {main}
ERROR - 2022-05-11 03:20:07 --> Unknown column 'event_id' in 'order clause'
CRITICAL - 2022-05-11 03:20:07 --> Call to a member function getResult() on bool
#0 /home/maxi/Documents/github/sl-updated/system/BaseModel.php(584): CodeIgniter\Model->doFindAll()
#1 /home/maxi/Documents/github/sl-updated/app/Controllers/Functions.php(195): CodeIgniter\BaseModel->findAll()
#2 /home/maxi/Documents/github/sl-updated/system/CodeIgniter.php(832): App\Controllers\Functions->users()
#3 /home/maxi/Documents/github/sl-updated/system/CodeIgniter.php(419): CodeIgniter\CodeIgniter->runController()
#4 /home/maxi/Documents/github/sl-updated/system/CodeIgniter.php(326): CodeIgniter\CodeIgniter->handleRequest()
#5 /home/maxi/Documents/github/sl-updated/public/index.php(37): CodeIgniter\CodeIgniter->run()
#6 /home/maxi/Documents/github/sl-updated/system/Commands/Server/rewrite.php(43): require_once('...')
#7 {main}
ERROR - 2022-05-11 03:21:22 --> Unknown column 'event_id' in 'order clause'
CRITICAL - 2022-05-11 03:21:22 --> Call to a member function getResult() on bool
#0 /home/maxi/Documents/github/sl-updated/system/BaseModel.php(584): CodeIgniter\Model->doFindAll()
#1 /home/maxi/Documents/github/sl-updated/app/Controllers/Functions.php(195): CodeIgniter\BaseModel->findAll()
#2 /home/maxi/Documents/github/sl-updated/system/CodeIgniter.php(832): App\Controllers\Functions->users()
#3 /home/maxi/Documents/github/sl-updated/system/CodeIgniter.php(419): CodeIgniter\CodeIgniter->runController()
#4 /home/maxi/Documents/github/sl-updated/system/CodeIgniter.php(326): CodeIgniter\CodeIgniter->handleRequest()
#5 /home/maxi/Documents/github/sl-updated/public/index.php(37): CodeIgniter\CodeIgniter->run()
#6 /home/maxi/Documents/github/sl-updated/system/Commands/Server/rewrite.php(43): require_once('...')
#7 {main}
CRITICAL - 2022-05-11 13:03:52 --> Undefined variable $data
#0 /home/maxi/Documents/github/sl-updated/app/Controllers/Functions.php(158): CodeIgniter\Debug\Exceptions->errorHandler()
#1 /home/maxi/Documents/github/sl-updated/system/CodeIgniter.php(832): App\Controllers\Functions->profileSave()
#2 /home/maxi/Documents/github/sl-updated/system/CodeIgniter.php(419): CodeIgniter\CodeIgniter->runController()
#3 /home/maxi/Documents/github/sl-updated/system/CodeIgniter.php(326): CodeIgniter\CodeIgniter->handleRequest()
#4 /home/maxi/Documents/github/sl-updated/public/index.php(37): CodeIgniter\CodeIgniter->run()
#5 /home/maxi/Documents/github/sl-updated/system/Commands/Server/rewrite.php(43): require_once('...')
#6 {main}
CRITICAL - 2022-05-11 13:03:55 --> Undefined variable $data
#0 /home/maxi/Documents/github/sl-updated/app/Controllers/Functions.php(158): CodeIgniter\Debug\Exceptions->errorHandler()
#1 /home/maxi/Documents/github/sl-updated/system/CodeIgniter.php(832): App\Controllers\Functions->profileSave()
#2 /home/maxi/Documents/github/sl-updated/system/CodeIgniter.php(419): CodeIgniter\CodeIgniter->runController()
#3 /home/maxi/Documents/github/sl-updated/system/CodeIgniter.php(326): CodeIgniter\CodeIgniter->handleRequest()
#4 /home/maxi/Documents/github/sl-updated/public/index.php(37): CodeIgniter\CodeIgniter->run()
#5 /home/maxi/Documents/github/sl-updated/system/Commands/Server/rewrite.php(43): require_once('...')
#6 {main}
CRITICAL - 2022-05-11 13:03:57 --> Undefined variable $data
#0 /home/maxi/Documents/github/sl-updated/app/Controllers/Functions.php(158): CodeIgniter\Debug\Exceptions->errorHandler()
#1 /home/maxi/Documents/github/sl-updated/system/CodeIgniter.php(832): App\Controllers\Functions->profileSave()
#2 /home/maxi/Documents/github/sl-updated/system/CodeIgniter.php(419): CodeIgniter\CodeIgniter->runController()
#3 /home/maxi/Documents/github/sl-updated/system/CodeIgniter.php(326): CodeIgniter\CodeIgniter->handleRequest()
#4 /home/maxi/Documents/github/sl-updated/public/index.php(37): CodeIgniter\CodeIgniter->run()
#5 /home/maxi/Documents/github/sl-updated/system/Commands/Server/rewrite.php(43): require_once('...')
#6 {main}
CRITICAL - 2022-05-11 13:08:01 --> The original file is not a valid file.
#0 /home/maxi/Documents/github/sl-updated/system/HTTP/Files/UploadedFile.php(137): CodeIgniter\HTTP\Exceptions\HTTPException::forInvalidFile()
#1 /home/maxi/Documents/github/sl-updated/app/Controllers/Functions.php(133): CodeIgniter\HTTP\Files\UploadedFile->move()
#2 /home/maxi/Documents/github/sl-updated/system/CodeIgniter.php(832): App\Controllers\Functions->profileSave()
#3 /home/maxi/Documents/github/sl-updated/system/CodeIgniter.php(419): CodeIgniter\CodeIgniter->runController()
#4 /home/maxi/Documents/github/sl-updated/system/CodeIgniter.php(326): CodeIgniter\CodeIgniter->handleRequest()
#5 /home/maxi/Documents/github/sl-updated/public/index.php(37): CodeIgniter\CodeIgniter->run()
#6 /home/maxi/Documents/github/sl-updated/system/Commands/Server/rewrite.php(43): require_once('...')
#7 {main}
CRITICAL - 2022-05-11 13:08:07 --> The original file is not a valid file.
#0 /home/maxi/Documents/github/sl-updated/system/HTTP/Files/UploadedFile.php(137): CodeIgniter\HTTP\Exceptions\HTTPException::forInvalidFile()
#1 /home/maxi/Documents/github/sl-updated/app/Controllers/Functions.php(133): CodeIgniter\HTTP\Files\UploadedFile->move()
#2 /home/maxi/Documents/github/sl-updated/system/CodeIgniter.php(832): App\Controllers\Functions->profileSave()
#3 /home/maxi/Documents/github/sl-updated/system/CodeIgniter.php(419): CodeIgniter\CodeIgniter->runController()
#4 /home/maxi/Documents/github/sl-updated/system/CodeIgniter.php(326): CodeIgniter\CodeIgniter->handleRequest()
#5 /home/maxi/Documents/github/sl-updated/public/index.php(37): CodeIgniter\CodeIgniter->run()
#6 /home/maxi/Documents/github/sl-updated/system/Commands/Server/rewrite.php(43): require_once('...')
#7 {main}
CRITICAL - 2022-05-11 13:08:16 --> The original file is not a valid file.
#0 /home/maxi/Documents/github/sl-updated/system/HTTP/Files/UploadedFile.php(137): CodeIgniter\HTTP\Exceptions\HTTPException::forInvalidFile()
#1 /home/maxi/Documents/github/sl-updated/app/Controllers/Functions.php(133): CodeIgniter\HTTP\Files\UploadedFile->move()
#2 /home/maxi/Documents/github/sl-updated/system/CodeIgniter.php(832): App\Controllers\Functions->profileSave()
#3 /home/maxi/Documents/github/sl-updated/system/CodeIgniter.php(419): CodeIgniter\CodeIgniter->runController()
#4 /home/maxi/Documents/github/sl-updated/system/CodeIgniter.php(326): CodeIgniter\CodeIgniter->handleRequest()
#5 /home/maxi/Documents/github/sl-updated/public/index.php(37): CodeIgniter\CodeIgniter->run()
#6 /home/maxi/Documents/github/sl-updated/system/Commands/Server/rewrite.php(43): require_once('...')
#7 {main}
CRITICAL - 2022-05-11 13:09:22 --> The original file is not a valid file.
#0 /home/maxi/Documents/github/sl-updated/system/HTTP/Files/UploadedFile.php(137): CodeIgniter\HTTP\Exceptions\HTTPException::forInvalidFile()
#1 /home/maxi/Documents/github/sl-updated/app/Controllers/Functions.php(133): CodeIgniter\HTTP\Files\UploadedFile->move()
#2 /home/maxi/Documents/github/sl-updated/system/CodeIgniter.php(832): App\Controllers\Functions->profileSave()
#3 /home/maxi/Documents/github/sl-updated/system/CodeIgniter.php(419): CodeIgniter\CodeIgniter->runController()
#4 /home/maxi/Documents/github/sl-updated/system/CodeIgniter.php(326): CodeIgniter\CodeIgniter->handleRequest()
#5 /home/maxi/Documents/github/sl-updated/public/index.php(37): CodeIgniter\CodeIgniter->run()
#6 /home/maxi/Documents/github/sl-updated/system/Commands/Server/rewrite.php(43): require_once('...')
#7 {main}
CRITICAL - 2022-05-11 13:14:35 --> Unknown database 'sls'
#0 /home/maxi/Documents/github/sl-updated/app/Views/pages/chat/config.php(7): mysqli_connect()
#1 /home/maxi/Documents/github/sl-updated/app/Views/pages/chat/usersphp.php(2): include_once('...')
#2 /home/maxi/Documents/github/sl-updated/system/View/View.php(210): include('...')
#3 /home/maxi/Documents/github/sl-updated/system/View/View.php(213): CodeIgniter\View\View->CodeIgniter\View\{closure}()
#4 /home/maxi/Documents/github/sl-updated/system/Common.php(1089): CodeIgniter\View\View->render()
#5 /home/maxi/Documents/github/sl-updated/app/Controllers/Home.php(47): view()
#6 /home/maxi/Documents/github/sl-updated/system/CodeIgniter.php(832): App\Controllers\Home->usersPhp()
#7 /home/maxi/Documents/github/sl-updated/system/CodeIgniter.php(419): CodeIgniter\CodeIgniter->runController()
#8 /home/maxi/Documents/github/sl-updated/system/CodeIgniter.php(326): CodeIgniter\CodeIgniter->handleRequest()
#9 /home/maxi/Documents/github/sl-updated/public/index.php(37): CodeIgniter\CodeIgniter->run()
#10 /home/maxi/Documents/github/sl-updated/system/Commands/Server/rewrite.php(43): require_once('...')
#11 {main}
CRITICAL - 2022-05-11 13:14:36 --> Unknown database 'sls'
#0 /home/maxi/Documents/github/sl-updated/app/Views/pages/chat/config.php(7): mysqli_connect()
#1 /home/maxi/Documents/github/sl-updated/app/Views/pages/chat/usersphp.php(2): include_once('...')
#2 /home/maxi/Documents/github/sl-updated/system/View/View.php(210): include('...')
#3 /home/maxi/Documents/github/sl-updated/system/View/View.php(213): CodeIgniter\View\View->CodeIgniter\View\{closure}()
#4 /home/maxi/Documents/github/sl-updated/system/Common.php(1089): CodeIgniter\View\View->render()
#5 /home/maxi/Documents/github/sl-updated/app/Controllers/Home.php(47): view()
#6 /home/maxi/Documents/github/sl-updated/system/CodeIgniter.php(832): App\Controllers\Home->usersPhp()
#7 /home/maxi/Documents/github/sl-updated/system/CodeIgniter.php(419): CodeIgniter\CodeIgniter->runController()
#8 /home/maxi/Documents/github/sl-updated/system/CodeIgniter.php(326): CodeIgniter\CodeIgniter->handleRequest()
#9 /home/maxi/Documents/github/sl-updated/public/index.php(37): CodeIgniter\CodeIgniter->run()
#10 /home/maxi/Documents/github/sl-updated/system/Commands/Server/rewrite.php(43): require_once('...')
#11 {main}
CRITICAL - 2022-05-11 13:14:36 --> Unknown database 'sls'
#0 /home/maxi/Documents/github/sl-updated/app/Views/pages/chat/config.php(7): mysqli_connect()
#1 /home/maxi/Documents/github/sl-updated/app/Views/pages/chat/usersphp.php(2): include_once('...')
#2 /home/maxi/Documents/github/sl-updated/system/View/View.php(210): include('...')
#3 /home/maxi/Documents/github/sl-updated/system/View/View.php(213): CodeIgniter\View\View->CodeIgniter\View\{closure}()
#4 /home/maxi/Documents/github/sl-updated/system/Common.php(1089): CodeIgniter\View\View->render()
#5 /home/maxi/Documents/github/sl-updated/app/Controllers/Home.php(47): view()
#6 /home/maxi/Documents/github/sl-updated/system/CodeIgniter.php(832): App\Controllers\Home->usersPhp()
#7 /home/maxi/Documents/github/sl-updated/system/CodeIgniter.php(419): CodeIgniter\CodeIgniter->runController()
#8 /home/maxi/Documents/github/sl-updated/system/CodeIgniter.php(326): CodeIgniter\CodeIgniter->handleRequest()
#9 /home/maxi/Documents/github/sl-updated/public/index.php(37): CodeIgniter\CodeIgniter->run()
#10 /home/maxi/Documents/github/sl-updated/system/Commands/Server/rewrite.php(43): require_once('...')
#11 {main}
CRITICAL - 2022-05-11 13:14:36 --> Unknown database 'sls'
#0 /home/maxi/Documents/github/sl-updated/app/Views/pages/chat/config.php(7): mysqli_connect()
#1 /home/maxi/Documents/github/sl-updated/app/Views/pages/chat/usersphp.php(2): include_once('...')
#2 /home/maxi/Documents/github/sl-updated/system/View/View.php(210): include('...')
#3 /home/maxi/Documents/github/sl-updated/system/View/View.php(213): CodeIgniter\View\View->CodeIgniter\View\{closure}()
#4 /home/maxi/Documents/github/sl-updated/system/Common.php(1089): CodeIgniter\View\View->render()
#5 /home/maxi/Documents/github/sl-updated/app/Controllers/Home.php(47): view()
#6 /home/maxi/Documents/github/sl-updated/system/CodeIgniter.php(832): App\Controllers\Home->usersPhp()
#7 /home/maxi/Documents/github/sl-updated/system/CodeIgniter.php(419): CodeIgniter\CodeIgniter->runController()
#8 /home/maxi/Documents/github/sl-updated/system/CodeIgniter.php(326): CodeIgniter\CodeIgniter->handleRequest()
#9 /home/maxi/Documents/github/sl-updated/public/index.php(37): CodeIgniter\CodeIgniter->run()
#10 /home/maxi/Documents/github/sl-updated/system/Commands/Server/rewrite.php(43): require_once('...')
#11 {main}
CRITICAL - 2022-05-11 13:14:37 --> Unknown database 'sls'
#0 /home/maxi/Documents/github/sl-updated/app/Views/pages/chat/config.php(7): mysqli_connect()
#1 /home/maxi/Documents/github/sl-updated/app/Views/pages/chat/usersphp.php(2): include_once('...')
#2 /home/maxi/Documents/github/sl-updated/system/View/View.php(210): include('...')
#3 /home/maxi/Documents/github/sl-updated/system/View/View.php(213): CodeIgniter\View\View->CodeIgniter\View\{closure}()
#4 /home/maxi/Documents/github/sl-updated/system/Common.php(1089): CodeIgniter\View\View->render()
#5 /home/maxi/Documents/github/sl-updated/app/Controllers/Home.php(47): view()
#6 /home/maxi/Documents/github/sl-updated/system/CodeIgniter.php(832): App\Controllers\Home->usersPhp()
#7 /home/maxi/Documents/github/sl-updated/system/CodeIgniter.php(419): CodeIgniter\CodeIgniter->runController()
#8 /home/maxi/Documents/github/sl-updated/system/CodeIgniter.php(326): CodeIgniter\CodeIgniter->handleRequest()
#9 /home/maxi/Documents/github/sl-updated/public/index.php(37): CodeIgniter\CodeIgniter->run()
#10 /home/maxi/Documents/github/sl-updated/system/Commands/Server/rewrite.php(43): require_once('...')
#11 {main}
CRITICAL - 2022-05-11 13:14:37 --> Unknown database 'sls'
#0 /home/maxi/Documents/github/sl-updated/app/Views/pages/chat/config.php(7): mysqli_connect()
#1 /home/maxi/Documents/github/sl-updated/app/Views/pages/chat/usersphp.php(2): include_once('...')
#2 /home/maxi/Documents/github/sl-updated/system/View/View.php(210): include('...')
#3 /home/maxi/Documents/github/sl-updated/system/View/View.php(213): CodeIgniter\View\View->CodeIgniter\View\{closure}()
#4 /home/maxi/Documents/github/sl-updated/system/Common.php(1089): CodeIgniter\View\View->render()
#5 /home/maxi/Documents/github/sl-updated/app/Controllers/Home.php(47): view()
#6 /home/maxi/Documents/github/sl-updated/system/CodeIgniter.php(832): App\Controllers\Home->usersPhp()
#7 /home/maxi/Documents/github/sl-updated/system/CodeIgniter.php(419): CodeIgniter\CodeIgniter->runController()
#8 /home/maxi/Documents/github/sl-updated/system/CodeIgniter.php(326): CodeIgniter\CodeIgniter->handleRequest()
#9 /home/maxi/Documents/github/sl-updated/public/index.php(37): CodeIgniter\CodeIgniter->run()
#10 /home/maxi/Documents/github/sl-updated/system/Commands/Server/rewrite.php(43): require_once('...')
#11 {main}
CRITICAL - 2022-05-11 13:14:38 --> Unknown database 'sls'
#0 /home/maxi/Documents/github/sl-updated/app/Views/pages/chat/config.php(7): mysqli_connect()
#1 /home/maxi/Documents/github/sl-updated/app/Views/pages/chat/usersphp.php(2): include_once('...')
#2 /home/maxi/Documents/github/sl-updated/system/View/View.php(210): include('...')
#3 /home/maxi/Documents/github/sl-updated/system/View/View.php(213): CodeIgniter\View\View->CodeIgniter\View\{closure}()
#4 /home/maxi/Documents/github/sl-updated/system/Common.php(1089): CodeIgniter\View\View->render()
#5 /home/maxi/Documents/github/sl-updated/app/Controllers/Home.php(47): view()
#6 /home/maxi/Documents/github/sl-updated/system/CodeIgniter.php(832): App\Controllers\Home->usersPhp()
#7 /home/maxi/Documents/github/sl-updated/system/CodeIgniter.php(419): CodeIgniter\CodeIgniter->runController()
#8 /home/maxi/Documents/github/sl-updated/system/CodeIgniter.php(326): CodeIgniter\CodeIgniter->handleRequest()
#9 /home/maxi/Documents/github/sl-updated/public/index.php(37): CodeIgniter\CodeIgniter->run()
#10 /home/maxi/Documents/github/sl-updated/system/Commands/Server/rewrite.php(43): require_once('...')
#11 {main}
CRITICAL - 2022-05-11 13:14:40 --> Unknown database 'sls'
#0 /home/maxi/Documents/github/sl-updated/app/Views/pages/chat/config.php(7): mysqli_connect()
#1 /home/maxi/Documents/github/sl-updated/app/Views/pages/chat/usersphp.php(2): include_once('...')
#2 /home/maxi/Documents/github/sl-updated/system/View/View.php(210): include('...')
#3 /home/maxi/Documents/github/sl-updated/system/View/View.php(213): CodeIgniter\View\View->CodeIgniter\View\{closure}()
#4 /home/maxi/Documents/github/sl-updated/system/Common.php(1089): CodeIgniter\View\View->render()
#5 /home/maxi/Documents/github/sl-updated/app/Controllers/Home.php(47): view()
#6 /home/maxi/Documents/github/sl-updated/system/CodeIgniter.php(832): App\Controllers\Home->usersPhp()
#7 /home/maxi/Documents/github/sl-updated/system/CodeIgniter.php(419): CodeIgniter\CodeIgniter->runController()
#8 /home/maxi/Documents/github/sl-updated/system/CodeIgniter.php(326): CodeIgniter\CodeIgniter->handleRequest()
#9 /home/maxi/Documents/github/sl-updated/public/index.php(37): CodeIgniter\CodeIgniter->run()
#10 /home/maxi/Documents/github/sl-updated/system/Commands/Server/rewrite.php(43): require_once('...')
#11 {main}
CRITICAL - 2022-05-11 13:14:41 --> Unknown database 'sls'
#0 /home/maxi/Documents/github/sl-updated/app/Views/pages/chat/config.php(7): mysqli_connect()
#1 /home/maxi/Documents/github/sl-updated/app/Views/pages/chat/usersphp.php(2): include_once('...')
#2 /home/maxi/Documents/github/sl-updated/system/View/View.php(210): include('...')
#3 /home/maxi/Documents/github/sl-updated/system/View/View.php(213): CodeIgniter\View\View->CodeIgniter\View\{closure}()
#4 /home/maxi/Documents/github/sl-updated/system/Common.php(1089): CodeIgniter\View\View->render()
#5 /home/maxi/Documents/github/sl-updated/app/Controllers/Home.php(47): view()
#6 /home/maxi/Documents/github/sl-updated/system/CodeIgniter.php(832): App\Controllers\Home->usersPhp()
#7 /home/maxi/Documents/github/sl-updated/system/CodeIgniter.php(419): CodeIgniter\CodeIgniter->runController()
#8 /home/maxi/Documents/github/sl-updated/system/CodeIgniter.php(326): CodeIgniter\CodeIgniter->handleRequest()
#9 /home/maxi/Documents/github/sl-updated/public/index.php(37): CodeIgniter\CodeIgniter->run()
#10 /home/maxi/Documents/github/sl-updated/system/Commands/Server/rewrite.php(43): require_once('...')
#11 {main}
CRITICAL - 2022-05-11 13:14:41 --> Unknown database 'sls'
#0 /home/maxi/Documents/github/sl-updated/app/Views/pages/chat/config.php(7): mysqli_connect()
#1 /home/maxi/Documents/github/sl-updated/app/Views/pages/chat/usersphp.php(2): include_once('...')
#2 /home/maxi/Documents/github/sl-updated/system/View/View.php(210): include('...')
#3 /home/maxi/Documents/github/sl-updated/system/View/View.php(213): CodeIgniter\View\View->CodeIgniter\View\{closure}()
#4 /home/maxi/Documents/github/sl-updated/system/Common.php(1089): CodeIgniter\View\View->render()
#5 /home/maxi/Documents/github/sl-updated/app/Controllers/Home.php(47): view()
#6 /home/maxi/Documents/github/sl-updated/system/CodeIgniter.php(832): App\Controllers\Home->usersPhp()
#7 /home/maxi/Documents/github/sl-updated/system/CodeIgniter.php(419): CodeIgniter\CodeIgniter->runController()
#8 /home/maxi/Documents/github/sl-updated/system/CodeIgniter.php(326): CodeIgniter\CodeIgniter->handleRequest()
#9 /home/maxi/Documents/github/sl-updated/public/index.php(37): CodeIgniter\CodeIgniter->run()
#10 /home/maxi/Documents/github/sl-updated/system/Commands/Server/rewrite.php(43): require_once('...')
#11 {main}
CRITICAL - 2022-05-11 13:14:42 --> Unknown database 'sls'
#0 /home/maxi/Documents/github/sl-updated/app/Views/pages/chat/config.php(7): mysqli_connect()
#1 /home/maxi/Documents/github/sl-updated/app/Views/pages/chat/usersphp.php(2): include_once('...')
#2 /home/maxi/Documents/github/sl-updated/system/View/View.php(210): include('...')
#3 /home/maxi/Documents/github/sl-updated/system/View/View.php(213): CodeIgniter\View\View->CodeIgniter\View\{closure}()
#4 /home/maxi/Documents/github/sl-updated/system/Common.php(1089): CodeIgniter\View\View->render()
#5 /home/maxi/Documents/github/sl-updated/app/Controllers/Home.php(47): view()
#6 /home/maxi/Documents/github/sl-updated/system/CodeIgniter.php(832): App\Controllers\Home->usersPhp()
#7 /home/maxi/Documents/github/sl-updated/system/CodeIgniter.php(419): CodeIgniter\CodeIgniter->runController()
#8 /home/maxi/Documents/github/sl-updated/system/CodeIgniter.php(326): CodeIgniter\CodeIgniter->handleRequest()
#9 /home/maxi/Documents/github/sl-updated/public/index.php(37): CodeIgniter\CodeIgniter->run()
#10 /home/maxi/Documents/github/sl-updated/system/Commands/Server/rewrite.php(43): require_once('...')
#11 {main}
CRITICAL - 2022-05-11 13:14:42 --> Unknown database 'sls'
#0 /home/maxi/Documents/github/sl-updated/app/Views/pages/chat/config.php(7): mysqli_connect()
#1 /home/maxi/Documents/github/sl-updated/app/Views/pages/chat/usersphp.php(2): include_once('...')
#2 /home/maxi/Documents/github/sl-updated/system/View/View.php(210): include('...')
#3 /home/maxi/Documents/github/sl-updated/system/View/View.php(213): CodeIgniter\View\View->CodeIgniter\View\{closure}()
#4 /home/maxi/Documents/github/sl-updated/system/Common.php(1089): CodeIgniter\View\View->render()
#5 /home/maxi/Documents/github/sl-updated/app/Controllers/Home.php(47): view()
#6 /home/maxi/Documents/github/sl-updated/system/CodeIgniter.php(832): App\Controllers\Home->usersPhp()
#7 /home/maxi/Documents/github/sl-updated/system/CodeIgniter.php(419): CodeIgniter\CodeIgniter->runController()
#8 /home/maxi/Documents/github/sl-updated/system/CodeIgniter.php(326): CodeIgniter\CodeIgniter->handleRequest()
#9 /home/maxi/Documents/github/sl-updated/public/index.php(37): CodeIgniter\CodeIgniter->run()
#10 /home/maxi/Documents/github/sl-updated/system/Commands/Server/rewrite.php(43): require_once('...')
#11 {main}
CRITICAL - 2022-05-11 13:14:43 --> Unknown database 'sls'
#0 /home/maxi/Documents/github/sl-updated/app/Views/pages/chat/config.php(7): mysqli_connect()
#1 /home/maxi/Documents/github/sl-updated/app/Views/pages/chat/usersphp.php(2): include_once('...')
#2 /home/maxi/Documents/github/sl-updated/system/View/View.php(210): include('...')
#3 /home/maxi/Documents/github/sl-updated/system/View/View.php(213): CodeIgniter\View\View->CodeIgniter\View\{closure}()
#4 /home/maxi/Documents/github/sl-updated/system/Common.php(1089): CodeIgniter\View\View->render()
#5 /home/maxi/Documents/github/sl-updated/app/Controllers/Home.php(47): view()
#6 /home/maxi/Documents/github/sl-updated/system/CodeIgniter.php(832): App\Controllers\Home->usersPhp()
#7 /home/maxi/Documents/github/sl-updated/system/CodeIgniter.php(419): CodeIgniter\CodeIgniter->runController()
#8 /home/maxi/Documents/github/sl-updated/system/CodeIgniter.php(326): CodeIgniter\CodeIgniter->handleRequest()
#9 /home/maxi/Documents/github/sl-updated/public/index.php(37): CodeIgniter\CodeIgniter->run()
#10 /home/maxi/Documents/github/sl-updated/system/Commands/Server/rewrite.php(43): require_once('...')
#11 {main}
CRITICAL - 2022-05-11 13:14:43 --> Unknown database 'sls'
#0 /home/maxi/Documents/github/sl-updated/app/Views/pages/chat/config.php(7): mysqli_connect()
#1 /home/maxi/Documents/github/sl-updated/app/Views/pages/chat/usersphp.php(2): include_once('...')
#2 /home/maxi/Documents/github/sl-updated/system/View/View.php(210): include('...')
#3 /home/maxi/Documents/github/sl-updated/system/View/View.php(213): CodeIgniter\View\View->CodeIgniter\View\{closure}()
#4 /home/maxi/Documents/github/sl-updated/system/Common.php(1089): CodeIgniter\View\View->render()
#5 /home/maxi/Documents/github/sl-updated/app/Controllers/Home.php(47): view()
#6 /home/maxi/Documents/github/sl-updated/system/CodeIgniter.php(832): App\Controllers\Home->usersPhp()
#7 /home/maxi/Documents/github/sl-updated/system/CodeIgniter.php(419): CodeIgniter\CodeIgniter->runController()
#8 /home/maxi/Documents/github/sl-updated/system/CodeIgniter.php(326): CodeIgniter\CodeIgniter->handleRequest()
#9 /home/maxi/Documents/github/sl-updated/public/index.php(37): CodeIgniter\CodeIgniter->run()
#10 /home/maxi/Documents/github/sl-updated/system/Commands/Server/rewrite.php(43): require_once('...')
#11 {main}
CRITICAL - 2022-05-11 13:14:44 --> Unknown database 'sls'
#0 /home/maxi/Documents/github/sl-updated/app/Views/pages/chat/config.php(7): mysqli_connect()
#1 /home/maxi/Documents/github/sl-updated/app/Views/pages/chat/usersphp.php(2): include_once('...')
#2 /home/maxi/Documents/github/sl-updated/system/View/View.php(210): include('...')
#3 /home/maxi/Documents/github/sl-updated/system/View/View.php(213): CodeIgniter\View\View->CodeIgniter\View\{closure}()
#4 /home/maxi/Documents/github/sl-updated/system/Common.php(1089): CodeIgniter\View\View->render()
#5 /home/maxi/Documents/github/sl-updated/app/Controllers/Home.php(47): view()
#6 /home/maxi/Documents/github/sl-updated/system/CodeIgniter.php(832): App\Controllers\Home->usersPhp()
#7 /home/maxi/Documents/github/sl-updated/system/CodeIgniter.php(419): CodeIgniter\CodeIgniter->runController()
#8 /home/maxi/Documents/github/sl-updated/system/CodeIgniter.php(326): CodeIgniter\CodeIgniter->handleRequest()
#9 /home/maxi/Documents/github/sl-updated/public/index.php(37): CodeIgniter\CodeIgniter->run()
#10 /home/maxi/Documents/github/sl-updated/system/Commands/Server/rewrite.php(43): require_once('...')
#11 {main}
CRITICAL - 2022-05-11 13:14:44 --> Unknown database 'sls'
#0 /home/maxi/Documents/github/sl-updated/app/Views/pages/chat/config.php(7): mysqli_connect()
#1 /home/maxi/Documents/github/sl-updated/app/Views/pages/chat/usersphp.php(2): include_once('...')
#2 /home/maxi/Documents/github/sl-updated/system/View/View.php(210): include('...')
#3 /home/maxi/Documents/github/sl-updated/system/View/View.php(213): CodeIgniter\View\View->CodeIgniter\View\{closure}()
#4 /home/maxi/Documents/github/sl-updated/system/Common.php(1089): CodeIgniter\View\View->render()
#5 /home/maxi/Documents/github/sl-updated/app/Controllers/Home.php(47): view()
#6 /home/maxi/Documents/github/sl-updated/system/CodeIgniter.php(832): App\Controllers\Home->usersPhp()
#7 /home/maxi/Documents/github/sl-updated/system/CodeIgniter.php(419): CodeIgniter\CodeIgniter->runController()
#8 /home/maxi/Documents/github/sl-updated/system/CodeIgniter.php(326): CodeIgniter\CodeIgniter->handleRequest()
#9 /home/maxi/Documents/github/sl-updated/public/index.php(37): CodeIgniter\CodeIgniter->run()
#10 /home/maxi/Documents/github/sl-updated/system/Commands/Server/rewrite.php(43): require_once('...')
#11 {main}
